<?xml version="1.0" encoding="UTF-8"?>
<!-- Generated by org.testng.reporters.JUnitXMLReporter -->
<testsuite ignored="0" hostname="Saifs-MacBook-Air.local" failures="1" tests="3" name="Flipkart Search Tests" time="21.496" errors="0" timestamp="2025-08-22T10:03:18 IST">
  <testcase classname="test.FlipkartTest" name="searchInvalidProductTest" time="5.653">
    <failure type="java.lang.AssertionError" message="expected [true] but found [false]">
      <![CDATA[java.lang.AssertionError: expected [true] but found [false]
at test.FlipkartTest.searchInvalidProductTest(FlipkartTest.java:65)
at java.base/java.util.ArrayList.forEach(ArrayList.java:1604)
... Removed 29 stack frames]]>
    </failure>
  </testcase> <!-- searchInvalidProductTest -->
  <testcase classname="test.FlipkartTest" name="searchIphoneTest" time="5.74"/>
  <testcase classname="test.FlipkartTest" name="searchSamsungTest" time="6.407"/>
</testsuite> <!-- Flipkart Search Tests -->
